<?xml version="1.0" encoding="UTF-8"?>
<!-- Generated by org.testng.reporters.JUnitReportReporter -->
<testsuite skipped="0" hostname="Jigars-MacBook-Pro.local" name="testFeature.AppLoginFeatureTest" tests="1" failures="0" timestamp="27 Aug 2019 17:40:20 GMT" time="0.008" errors="0">
  <testcase name="test1" time="0.008" classname="testFeature.AppLoginFeatureTest"/>
</testsuite> <!-- testFeature.AppLoginFeatureTest -->
