<?xml version="1.0" encoding="UTF-8"?>
<!-- Generated by org.testng.reporters.JUnitReportReporter -->
<testsuite skipped="0" hostname="Jigars-MacBook-Pro.local" name="testFeature.AppLoginFeatureTest" tests="2" failures="0" timestamp="27 Aug 2019 17:50:27 GMT" time="0.012" errors="0">
  <testcase name="test1" time="0.012" classname="testFeature.AppLoginFeatureTest"/>
  <testcase name="test2" time="0.000" classname="testFeature.AppLoginFeatureTest"/>
</testsuite> <!-- testFeature.AppLoginFeatureTest -->
